vhr-voice-app/app/build/intermediates/manifest_merge_blame_file/debug/manifest-merger-blame-debug-report.txt
1<?xml version="1.0" encoding="utf-8"?>
2<manifest xmlns:android="http://schemas.android.com/apk/res/android"
3    package="com.vhr.voice"
4    android:versionCode="1"
5    android:versionName="1.0.0" >
6
7    <uses-sdk
8        android:minSdkVersion="29"
9        android:targetSdkVersion="34" />
10
11    <!-- Permissions -->
12    <uses-permission android:name="android.permission.INTERNET" />
12-->src\main\AndroidManifest.xml:5:5-67
12-->src\main\AndroidManifest.xml:5:22-64
13    <uses-permission android:name="android.permission.FOREGROUND_SERVICE" />
13-->src\main\AndroidManifest.xml:6:5-77
13-->src\main\AndroidManifest.xml:6:22-74
14    <uses-permission android:name="android.permission.FOREGROUND_SERVICE_MEDIA_PLAYBACK" />
14-->src\main\AndroidManifest.xml:7:5-92
14-->src\main\AndroidManifest.xml:7:22-89
15    <uses-permission android:name="android.permission.RECEIVE_BOOT_COMPLETED" />
15-->src\main\AndroidManifest.xml:8:5-81
15-->src\main\AndroidManifest.xml:8:22-78
16    <uses-permission android:name="android.permission.WAKE_LOCK" />
16-->src\main\AndroidManifest.xml:9:5-68
16-->src\main\AndroidManifest.xml:9:22-65
17
18    <!-- Quest specific -->
19    <uses-feature
19-->src\main\AndroidManifest.xml:12:5-94
20        android:name="android.hardware.vr.headtracking"
20-->src\main\AndroidManifest.xml:12:19-66
21        android:required="false" />
21-->src\main\AndroidManifest.xml:12:67-91
22
23    <application
23-->src\main\AndroidManifest.xml:14:5-60:19
24        android:allowBackup="true"
24-->src\main\AndroidManifest.xml:15:9-35
25        android:debuggable="true"
26        android:extractNativeLibs="false"
27        android:icon="@mipmap/ic_launcher"
27-->src\main\AndroidManifest.xml:16:9-43
28        android:label="VHR Voice"
28-->src\main\AndroidManifest.xml:17:9-34
29        android:roundIcon="@mipmap/ic_launcher_round"
29-->src\main\AndroidManifest.xml:18:9-54
30        android:supportsRtl="true"
30-->src\main\AndroidManifest.xml:19:9-35
31        android:theme="@style/AppTheme"
31-->src\main\AndroidManifest.xml:20:9-40
32        android:usesCleartextTraffic="true" >
32-->src\main\AndroidManifest.xml:21:9-44
33
34        <!-- Main Activity (optional, for manual config) -->
35        <activity
35-->src\main\AndroidManifest.xml:24:9-40:20
36            android:name="com.vhr.voice.MainActivity"
36-->src\main\AndroidManifest.xml:25:13-41
37            android:exported="true"
37-->src\main\AndroidManifest.xml:26:13-36
38            android:label="VHR Voice Receiver"
38-->src\main\AndroidManifest.xml:28:13-47
39            android:launchMode="singleTop" >
39-->src\main\AndroidManifest.xml:27:13-43
40            <intent-filter>
40-->src\main\AndroidManifest.xml:29:13-32:29
41                <action android:name="android.intent.action.MAIN" />
41-->src\main\AndroidManifest.xml:30:17-69
41-->src\main\AndroidManifest.xml:30:25-66
42
43                <category android:name="android.intent.category.LAUNCHER" />
43-->src\main\AndroidManifest.xml:31:17-77
43-->src\main\AndroidManifest.xml:31:27-74
44            </intent-filter>
45
46            <!-- Allow launching with parameters -->
47            <intent-filter>
47-->src\main\AndroidManifest.xml:35:13-39:29
48                <action android:name="android.intent.action.VIEW" />
48-->src\main\AndroidManifest.xml:36:17-69
48-->src\main\AndroidManifest.xml:36:25-66
49
50                <category android:name="android.intent.category.DEFAULT" />
50-->src\main\AndroidManifest.xml:37:17-76
50-->src\main\AndroidManifest.xml:37:27-73
51
52                <data android:scheme="vhrvoice" />
52-->src\main\AndroidManifest.xml:38:17-51
52-->src\main\AndroidManifest.xml:38:23-48
53            </intent-filter>
54        </activity>
55
56        <!-- Background Voice Service -->
57        <service
57-->src\main\AndroidManifest.xml:43:9-47:61
58            android:name="com.vhr.voice.VoiceReceiverService"
58-->src\main\AndroidManifest.xml:44:13-49
59            android:enabled="true"
59-->src\main\AndroidManifest.xml:45:13-35
60            android:exported="false"
60-->src\main\AndroidManifest.xml:46:13-37
61            android:foregroundServiceType="mediaPlayback" />
61-->src\main\AndroidManifest.xml:47:13-58
62
63        <!-- Broadcast Receiver for ADB control -->
64        <receiver
64-->src\main\AndroidManifest.xml:50:9-58:20
65            android:name="com.vhr.voice.VoiceCommandReceiver"
65-->src\main\AndroidManifest.xml:51:13-49
66            android:enabled="true"
66-->src\main\AndroidManifest.xml:52:13-35
67            android:exported="true" >
67-->src\main\AndroidManifest.xml:53:13-36
68            <intent-filter>
68-->src\main\AndroidManifest.xml:54:13-57:29
69                <action android:name="com.vhr.voice.START" />
69-->src\main\AndroidManifest.xml:55:17-62
69-->src\main\AndroidManifest.xml:55:25-59
70                <action android:name="com.vhr.voice.STOP" />
70-->src\main\AndroidManifest.xml:56:17-61
70-->src\main\AndroidManifest.xml:56:25-58
71            </intent-filter>
72        </receiver>
73    </application>
74
75</manifest>